[debug] [2022-07-08T18:26:46.042Z] ----------------------------------------------------------------------
[debug] [2022-07-08T18:26:46.044Z] Command:       /Users/ali/.nvm/versions/node/v16.13.1/bin/node /Users/ali/.nvm/versions/node/v16.13.1/bin/firebase init
[debug] [2022-07-08T18:26:46.044Z] CLI Version:   11.2.1
[debug] [2022-07-08T18:26:46.044Z] Platform:      darwin
[debug] [2022-07-08T18:26:46.045Z] Node Version:  v16.13.1
[debug] [2022-07-08T18:26:46.047Z] Time:          Fri Jul 08 2022 23:26:46 GMT+0500 (Pakistan Standard Time)
[debug] [2022-07-08T18:26:46.048Z] ----------------------------------------------------------------------
[debug] 
[debug] [2022-07-08T18:26:46.059Z] > command requires scopes: ["email","openid","https://www.googleapis.com/auth/cloudplatformprojects.readonly","https://www.googleapis.com/auth/firebase","https://www.googleapis.com/auth/cloud-platform"]
[debug] [2022-07-08T18:26:46.062Z] > authorizing via signed-in user (alihadees786@gmail.com)
[info] 
     ######## #### ########  ######## ########     ###     ######  ########
     ##        ##  ##     ## ##       ##     ##  ##   ##  ##       ##
     ######    ##  ########  ######   ########  #########  ######  ######
     ##        ##  ##    ##  ##       ##     ## ##     ##       ## ##
     ##       #### ##     ## ######## ########  ##     ##  ######  ########

You're about to initialize a Firebase project in this directory:

  /Users/ali/websites/textile_app

[info] 
=== Project Setup
[info] 
[info] First, let's associate this project directory with a Firebase project.
[info] You can create multiple project aliases by running firebase use --add, 
[info] but for now we'll just set up a default project.
[info] 
[debug] [2022-07-08T18:30:20.395Z] >>> [apiv2][query] GET https://firebase.googleapis.com/v1beta1/projects pageSize=100
[debug] [2022-07-08T18:30:21.285Z] <<< [apiv2][status] GET https://firebase.googleapis.com/v1beta1/projects 200
[debug] [2022-07-08T18:30:21.288Z] <<< [apiv2][body] GET https://firebase.googleapis.com/v1beta1/projects [omitted]
